OurDailyBread/proguard-project.txt
# To enable ProGuard in your project, edit project.properties
# to define the proguard.config property as described in that file.
#
# Add project specific ProGuard rules here.
# By default, the flags in this file are appended to flags specified
# in ${sdk.dir}/tools/proguard/proguard-android.txt
# You can edit the include path and order by changing the ProGuard
# include property in project.properties.
#
# For more details, see
#   http://developer.android.com/guide/developing/tools/proguard.html

# Add any project specific keep options here:

# If your project uses WebView with JS, uncomment the following
# and specify the fully qualified class name to the JavaScript interface
# class:
#-keepclassmembers class fqcn.of.javascript.interface.for.webview {
#   public *;
#}

# 
# Add by Austin Liang.
# http://stackoverflow.com/questions/11151284/obfuscation-in-actionbarsherlock
# 
-keep class android.support.v4.app.** { *; }
-keep interface android.support.v4.app.** { *; }

-keep class com.altujen.android.odb.odbObject { *; }

-keep class com.actionbarsherlock.** { *; }
-keep interface com.actionbarsherlock.** { *; }

-keep class se.emilsjolander.** { *; }
-keep interface se.emilsjolander.** { *; }

-keep class com.jeremyfeinstein.** { *; }
-keep interface com.jeremyfeinstein.** { *; }

-keep class com.squareup.** { *; }
-keep interface com.squareup.** { *; }

-keepattributes *Annotation*

# keep all classes that might be used in XML layouts
# http://stackoverflow.com/questions/11802474/proguard-keep-class-actionbarsherlock
-keep public class * extends android.widget.FrameLayout