OurDailyBread/proguard/seeds.txt
com.altujen.android.odb.DailyBreadActivity
com.altujen.android.odb.DailyBreadActivity: DailyBreadActivity()
com.altujen.android.odb.DailyBreadSettings
com.altujen.android.odb.DailyBreadSettings: DailyBreadSettings()
com.altujen.android.odb.DetailActivity
com.altujen.android.odb.DetailActivity: DetailActivity()
com.altujen.android.odb.DetailActivity: void onClick(android.view.View)
com.altujen.android.odb.MenuListFragment
com.altujen.android.odb.MenuListFragment: MenuListFragment()
com.altujen.android.odb.R$anim: int fade_in
com.altujen.android.odb.R$anim: int rotate_360
com.altujen.android.odb.R$anim: int scale_in
com.altujen.android.odb.R$anim: int scale_out
com.altujen.android.odb.R$anim: int slide_in_right
com.altujen.android.odb.R$anim: int slide_out_right
com.altujen.android.odb.R$array: int select_language_items
com.altujen.android.odb.R$array: int select_share_items
com.altujen.android.odb.R$attr: int actionBarDivider
com.altujen.android.odb.R$attr: int actionBarItemBackground
com.altujen.android.odb.R$attr: int actionBarSize
com.altujen.android.odb.R$attr: int actionBarSplitStyle
com.altujen.android.odb.R$attr: int actionBarStyle
com.altujen.android.odb.R$attr: int actionBarTabBarStyle
com.altujen.android.odb.R$attr: int actionBarTabStyle
com.altujen.android.odb.R$attr: int actionBarTabTextStyle
com.altujen.android.odb.R$attr: int actionBarWidgetTheme
com.altujen.android.odb.R$attr: int actionButtonStyle
com.altujen.android.odb.R$attr: int actionDropDownStyle
com.altujen.android.odb.R$attr: int actionMenuTextAppearance
com.altujen.android.odb.R$attr: int actionMenuTextColor
com.altujen.android.odb.R$attr: int actionModeBackground
com.altujen.android.odb.R$attr: int actionModeCloseButtonStyle
com.altujen.android.odb.R$attr: int actionModeCloseDrawable
com.altujen.android.odb.R$attr: int actionModePopupWindowStyle
com.altujen.android.odb.R$attr: int actionModeShareDrawable
com.altujen.android.odb.R$attr: int actionModeSplitBackground
com.altujen.android.odb.R$attr: int actionModeStyle
com.altujen.android.odb.R$attr: int actionOverflowButtonStyle
com.altujen.android.odb.R$attr: int actionSpinnerItemStyle
com.altujen.android.odb.R$attr: int activatedBackgroundIndicator
com.altujen.android.odb.R$attr: int activityChooserViewStyle
com.altujen.android.odb.R$attr: int background
com.altujen.android.odb.R$bool: int abs__action_bar_embed_tabs
com.altujen.android.odb.R$bool: int abs__action_bar_expanded_action_views_exclusive
com.altujen.android.odb.R$bool: int abs__config_actionMenuItemAllCaps
com.altujen.android.odb.R$bool: int abs__config_allowActionMenuItemTextWithIcon
com.altujen.android.odb.R$bool: int abs__config_showMenuShortcutsWhenKeyboardPresent
com.altujen.android.odb.R$bool: int abs__split_action_bar_is_narrow
com.altujen.android.odb.R$bool: int ga_autoActivityTracking
com.altujen.android.odb.R$bool: int ga_reportUncaughtExceptions
com.altujen.android.odb.R$bool: int isTablet
...
com.actionbarsherlock.internal.widget.ScrollingTabContainerView
com.actionbarsherlock.internal.widget.ScrollingTabContainerView: java.lang.Runnable mTabSelector
com.actionbarsherlock.internal.widget.ScrollingTabContainerView: com.actionbarsherlock.internal.widget.ScrollingTabContainerView$TabClickListener mTabClickListener
com.actionbarsherlock.internal.widget.ScrollingTabContainerView: com.actionbarsherlock.internal.widget.IcsLinearLayout mTabLayout
com.actionbarsherlock.internal.widget.ScrollingTabContainerView: com.actionbarsherlock.internal.widget.IcsSpinner mTabSpinner
com.actionbarsherlock.internal.widget.ScrollingTabContainerView: boolean mAllowCollapse
com.actionbarsherlock.internal.widget.ScrollingTabContainerView: android.view.LayoutInflater mInflater
com.actionbarsherlock.internal.widget.ScrollingTabContainerView: int mMaxTabWidth
com.actionbarsherlock.internal.widget.ScrollingTabContainerView: int mContentHeight
com.actionbarsherlock.internal.widget.ScrollingTabContainerView: int mSelectedTabIndex
com.actionbarsherlock.internal.widget.ScrollingTabContainerView: com.actionbarsherlock.internal.nineoldandroids.animation.Animator mVisibilityAnim
com.actionbarsherlock.internal.widget.ScrollingTabContainerView: com.actionbarsherlock.internal.widget.ScrollingTabContainerView$VisibilityAnimListener mVisAnimListener
com.actionbarsherlock.internal.widget.ScrollingTabContainerView: android.view.animation.Interpolator sAlphaInterpolator
com.actionbarsherlock.internal.widget.ScrollingTabContainerView$1
com.actionbarsherlock.internal.widget.ScrollingTabContainerView$1: com.actionbarsherlock.internal.widget.ScrollingTabContainerView this$0
com.actionbarsherlock.internal.widget.ScrollingTabContainerView$1: android.view.View val$tabView
com.actionbarsherlock.internal.widget.ScrollingTabContainerView$1: ScrollingTabContainerView$1(com.actionbarsherlock.internal.widget.ScrollingTabContainerView,android.view.View)
com.actionbarsherlock.internal.widget.ScrollingTabContainerView$1: void run()
com.actionbarsherlock.internal.widget.ScrollingTabContainerView$TabAdapter
com.actionbarsherlock.internal.widget.ScrollingTabContainerView$TabAdapter: com.actionbarsherlock.internal.widget.ScrollingTabContainerView this$0
com.actionbarsherlock.internal.widget.ScrollingTabContainerView$TabAdapter: ScrollingTabContainerView$TabAdapter(com.actionbarsherlock.internal.widget.ScrollingTabContainerView)
com.actionbarsherlock.internal.widget.ScrollingTabContainerView$TabAdapter: int getCount()
com.actionbarsherlock.internal.widget.ScrollingTabContainerView$TabAdapter: java.lang.Object getItem(int)
com.actionbarsherlock.internal.widget.ScrollingTabContainerView$TabAdapter: long getItemId(int)
com.actionbarsherlock.internal.widget.ScrollingTabContainerView$TabAdapter: android.view.View getView(int,android.view.View,android.view.ViewGroup)
com.actionbarsherlock.internal.widget.ScrollingTabContainerView$TabAdapter: ScrollingTabContainerView$TabAdapter(com.actionbarsherlock.internal.widget.ScrollingTabContainerView,com.actionbarsherlock.internal.widget.ScrollingTabContainerView$TabAdapter)
com.actionbarsherlock.internal.widget.ScrollingTabContainerView$TabClickListener
com.actionbarsherlock.internal.widget.ScrollingTabContainerView$TabClickListener: com.actionbarsherlock.internal.widget.ScrollingTabContainerView this$0
com.actionbarsherlock.internal.widget.ScrollingTabContainerView$TabClickListener: ScrollingTabContainerView$TabClickListener(com.actionbarsherlock.internal.widget.ScrollingTabContainerView)
com.actionbarsherlock.internal.widget.ScrollingTabContainerView$TabClickListener: void onClick(android.view.View)
com.actionbarsherlock.internal.widget.ScrollingTabContainerView$TabClickListener: ScrollingTabContainerView$TabClickListener(com.actionbarsherlock.internal.widget.ScrollingTabContainerView,com.actionbarsherlock.internal.widget.ScrollingTabContainerView$TabClickListener)