OurDailyBread/proguard/mapping.txt
com.altujen.android.odb.CalendarPickerFragment -> com.altujen.android.odb.a:
    android.view.GestureDetector gestureDetector -> a
    android.view.View$OnTouchListener gestureListener -> b
    com.squareup.timessquare.CalendarPickerView calPickerView -> c
    java.util.Calendar cal -> d
    android.widget.Button done_button -> e
    com.altujen.android.odb.CalendarPickerFragment newInstance(java.util.Calendar) -> a
    void onCreate(android.os.Bundle) -> onCreate
    android.view.View onCreateView(android.view.LayoutInflater,android.view.ViewGroup,android.os.Bundle) -> onCreateView
    void onActivityCreated(android.os.Bundle) -> onActivityCreated
    void onClick(android.view.View) -> onClick
    android.view.GestureDetector access$0(com.altujen.android.odb.CalendarPickerFragment) -> a
com.altujen.android.odb.CalendarPickerFragment$1 -> com.altujen.android.odb.b:
    com.altujen.android.odb.CalendarPickerFragment this$0 -> a
    boolean onTouch(android.view.View,android.view.MotionEvent) -> onTouch
com.altujen.android.odb.CalendarPickerFragment$CalendarPickerDialogListener -> com.altujen.android.odb.c:
    void onFinishPickerDialog(int) -> a
com.altujen.android.odb.CalendarPickerFragment$MyGestureDetector -> com.altujen.android.odb.d:
    com.altujen.android.odb.CalendarPickerFragment this$0 -> a
    boolean onFling(android.view.MotionEvent,android.view.MotionEvent,float,float) -> onFling
    void onSwipeRight() -> a
    void onSwipeLeft() -> b
com.altujen.android.odb.DailyBreadActivity -> com.altujen.android.odb.DailyBreadActivity:
    com.altujen.android.odb.CalendarPickerFragment calendarPicker -> a
    se.emilsjolander.flipview.FlipView mFlipView -> b
    com.altujen.android.odb.FlipAdapter mAdapter -> c
    com.jeremyfeinstein.slidingmenu.lib.SlidingMenu menu -> d
    com.actionbarsherlock.widget.SearchView mSearchView -> e
    com.actionbarsherlock.view.MenuItem searchItem -> f
    android.widget.ImageButton ibtn_refresh -> g
    boolean isSearched -> h
    java.util.Calendar odbCalendar -> i
    int odbPage -> j
    int tempUserLang -> k
    int Measuredwidth -> l
    int Measuredheight -> m
    com.espian.showcaseview.ShowcaseView$ConfigOptions mOptions -> n
    com.espian.showcaseview.ShowcaseViews mShowcaseViews -> o
    com.espian.showcaseview.ShowcaseView mShowcaseView -> p
    com.espian.showcaseview.ShowcaseViews$ItemViewProperties ivp_ibtn_refresh -> q
    com.espian.showcaseview.ShowcaseViews$ItemViewProperties ivp_ibtn_search -> r
    com.espian.showcaseview.ShowcaseViews$ItemViewProperties ivp_ibtn_appIcon -> s
    java.util.Date today -> t
    java.util.Calendar cal -> u
    com.altujen.android.odb.DailyBreadSettings user_settings -> v
    boolean isAppGuideShown -> w
    com.altujen.android.odb.DatabaseHandler db -> x
    com.altujen.android.odb.DailyBreadActivity$UI_Handler mUI_Handler -> y
    android.os.Handler handler -> z
    java.lang.Runnable notification -> A
com.altujen.android.odb.DailyBreadActivity$1 -> com.altujen.android.odb.e:
    com.altujen.android.odb.DailyBreadActivity this$0 -> a
    void onClick(android.content.DialogInterface,int) -> onClick
com.altujen.android.odb.DailyBreadActivity$10 -> com.altujen.android.odb.f:
    com.altujen.android.odb.DailyBreadActivity this$0 -> a
    void onClick(android.content.DialogInterface,int) -> onClick
com.altujen.android.odb.DailyBreadActivity$11 -> com.altujen.android.odb.g:
    com.altujen.android.odb.DailyBreadActivity this$0 -> a
    void run() -> run
com.altujen.android.odb.DailyBreadActivity$12 -> com.altujen.android.odb.h:
    com.altujen.android.odb.DailyBreadActivity this$0 -> a
    void onClick(android.content.DialogInterface,int) -> onClick
com.altujen.android.odb.DailyBreadActivity$13 -> com.altujen.android.odb.i:
    com.altujen.android.odb.DailyBreadActivity this$0 -> a
    void onClick(android.content.DialogInterface,int) -> onClick
...
com.squareup.timessquare.R$raw -> com.squareup.timessquare.R$raw:
    int gestures -> gestures
com.squareup.timessquare.R$string -> com.squareup.timessquare.R$string:
    int day_name_format -> day_name_format
    int invalid_date -> invalid_date
    int month_name_format -> month_name_format
com.squareup.timessquare.R$style -> com.squareup.timessquare.R$style:
    int CalendarCell -> CalendarCell
    int CalendarCell_CalendarDate -> CalendarCell_CalendarDate
    int CalendarCell_DayHeader -> CalendarCell_DayHeader
    int CalendarTitle -> CalendarTitle
com.squareup.timessquare.R$styleable -> com.squareup.timessquare.R$styleable:
    int[] calendar_cell -> calendar_cell
    int calendar_cell_state_current_month -> calendar_cell_state_current_month
    int calendar_cell_state_range_first -> calendar_cell_state_range_first
    int calendar_cell_state_range_last -> calendar_cell_state_range_last
    int calendar_cell_state_range_middle -> calendar_cell_state_range_middle
    int calendar_cell_state_selectable -> calendar_cell_state_selectable
    int calendar_cell_state_today -> calendar_cell_state_today
org.json.simple.JSONArray -> a.a.a.a:
    java.lang.String toJSONString(java.util.List) -> a
    java.lang.String toJSONString() -> a
    java.lang.String toString() -> toString
org.json.simple.JSONAware -> a.a.a.b:
    java.lang.String toJSONString() -> a
org.json.simple.JSONObject -> a.a.a.c:
    java.lang.String toJSONString(java.util.Map) -> a
    java.lang.String toJSONString() -> a
    java.lang.String toJSONString(java.lang.String,java.lang.Object,java.lang.StringBuffer) -> a
    java.lang.String toString() -> toString
org.json.simple.JSONValue -> a.a.a.d:
    java.lang.String toJSONString(java.lang.Object) -> a
    java.lang.String escape(java.lang.String) -> a
    void escape(java.lang.String,java.lang.StringBuffer) -> a
se.emilsjolander.flipview.FlipView -> se.emilsjolander.flipview.FlipView:
    int INVALID_PAGE_POSITION -> INVALID_PAGE_POSITION
    int PEAK_ANIM_DURATION -> PEAK_ANIM_DURATION
    int MAX_SINGLE_PAGE_FLIP_ANIM_DURATION -> MAX_SINGLE_PAGE_FLIP_ANIM_DURATION
    int FLIP_DISTANCE_PER_PAGE -> FLIP_DISTANCE_PER_PAGE
    int MAX_SHADOW_ALPHA -> MAX_SHADOW_ALPHA
    int MAX_SHADE_ALPHA -> MAX_SHADE_ALPHA
    int MAX_SHINE_ALPHA -> MAX_SHINE_ALPHA
    int INVALID_POINTER -> INVALID_POINTER
    int VERTICAL_FLIP -> VERTICAL_FLIP
    int HORIZONTAL_FLIP -> HORIZONTAL_FLIP
    android.database.DataSetObserver dataSetObserver -> dataSetObserver
    android.widget.Scroller mScroller -> mScroller
    android.view.animation.Interpolator flipInterpolator -> flipInterpolator
    android.animation.ValueAnimator mPeakAnim -> mPeakAnim
    android.animation.TimeInterpolator mPeakInterpolator -> mPeakInterpolator
    boolean mIsFlippingVertically -> mIsFlippingVertically
    boolean mIsFlipping -> mIsFlipping
    boolean mIsSwiping -> mIsSwiping
    boolean mIsUnableToFlip -> mIsUnableToFlip
    boolean mIsFlippingEnabled -> mIsFlippingEnabled
    boolean mLastTouchAllowed -> mLastTouchAllowed
    int mTouchSlop -> mTouchSlop
    boolean mIsOverFlipping -> mIsOverFlipping
    float mLastX -> mLastX
    float mLastY -> mLastY
    float mSwipeLastX -> mSwipeLastX
    float mSwipeLastY -> mSwipeLastY
    int mActivePointerId -> mActivePointerId
se.emilsjolander.flipview.FlipView$1 -> se.emilsjolander.flipview.FlipView$1:
    se.emilsjolander.flipview.FlipView this$0 -> this$0
    void onChanged() -> onChanged
    void onInvalidated() -> onInvalidated
se.emilsjolander.flipview.FlipView$2 -> se.emilsjolander.flipview.FlipView$2:
    se.emilsjolander.flipview.FlipView this$0 -> this$0
    android.view.View val$v -> val$v
    void run() -> run
se.emilsjolander.flipview.FlipView$3 -> se.emilsjolander.flipview.FlipView$3:
    se.emilsjolander.flipview.FlipView this$0 -> this$0
    android.view.View val$v -> val$v
    void run() -> run