OurDailyBread/proguard/usage.txt
com.altujen.android.odb.ActionSeparatorView
com.altujen.android.odb.BuildConfig
com.altujen.android.odb.CalendarPickerFragment:
    private static final int SWIPE_MIN_DISTANCE
    private static final int SWIPE_MAX_OFF_PATH
    private static final int SWIPE_THRESHOLD_VELOCITY
com.altujen.android.odb.DailyBreadActivity:
    public static final java.lang.String EXTRA_MESSAGE
    public static final java.lang.String EXTRA_CALENDAR
    public static final java.lang.String EXTRA_CALENDAR_PICKER
    private static final float SHOWCASE_SMALL_SCALE
    private static final java.lang.String PREF
    private static final java.lang.String PREF_LANGUAGE
    private static final java.lang.String PREF_APPGUIDE
    private static final long SIMULATE_THREAD_TIME
    private static final java.lang.String EZ_Category
    private static final java.lang.String EZ_Action
    private static final java.lang.String TAG
com.altujen.android.odb.DatabaseHandler:
    private static final int DATABASE_VERSION
    private static final java.lang.String DATABASE_NAME
    private static final java.lang.String TABLE_NAME_ODB
    private static final java.lang.String COL_KEY_ID
    private static final java.lang.String COL_ORDER_WT
    private static final java.lang.String COL_ODB_URI
    private static final java.lang.String COL_DATE
    private static final java.lang.String COL_TITLE
    private static final java.lang.String COL_AUTHOR
    private static final java.lang.String COL_AUTHOR_URI
    private static final java.lang.String COL_AUTHORIMG_URI
    private static final java.lang.String COL_MP3_URI
    private static final java.lang.String COL_RD_TITLE
    private static final java.lang.String COL_RD_URI
    private static final java.lang.String COL_RD_TEXT
    private static final java.lang.String COL_ANNRD_TITLE
    private static final java.lang.String COL_ANNRD_URI
    private static final java.lang.String COL_STORY
    private static final java.lang.String COL_POEM
    private static final java.lang.String COL_THOUGHT
    private static final java.lang.String COL_LANGUAGE
    private static final java.lang.String IDX_ODB_ORDER_WT
    private static final java.lang.String IDX_ODB_LANGUAGE
    182:202:public java.util.List getAllOdbs()
    207:227:public java.util.List getAllOdbs(int)
com.altujen.android.odb.DetailActivity:
    private static final java.lang.String strHTMLBreak
    private static final java.lang.String odb_https
    private static final java.lang.String EZ_Category
    private static final java.lang.String EZ_Action
com.altujen.android.odb.DiskLruCacheUtils:
    public static final int IO_BUFFER_SIZE
    13:13:private DiskLruCacheUtils()
com.altujen.android.odb.DiskLruImageCache:
    private static final int mCompressQuality
    private static final java.lang.String UNIQUE_NAME
    private static final int APP_VERSION
    private static final int VALUE_COUNT
    private static final int DISK_CACHE_SIZE
    163:167:public void clearCache()
    170:170:public java.io.File getCacheFolder()
com.altujen.android.odb.EnumLang
com.altujen.android.odb.EnumMsg
com.altujen.android.odb.FlipAdapter:
    private static final int imgBorder
    private static final int marginLeft
    private static final int marginRight
    private static final int paddingLeft
    private static final int paddingRight
    private static final double widthScale
    private static final int txt_marginLeft
    private static final int txt_marginRight
    private static final int txt_marginBuffer
com.altujen.android.odb.FlipAdapter$ViewHolder:
    android.widget.TextView textMonth
...
com.google.tagmanager.TypedNumber
com.google.tagmanager.Types
com.google.tagmanager.Types$1
com.google.tagmanager.UniversalAnalyticsTag
com.google.tagmanager.ValueBuilder
com.google.tagmanager.ValueEscapeUtil
com.google.tagmanager.ValueEscapeUtil$1
com.google.tagmanager.proto.MutableResource
com.google.tagmanager.proto.MutableResource$ResourceWithMetadata
com.google.tagmanager.proto.Resource
com.google.tagmanager.proto.Resource$1
com.google.tagmanager.proto.Resource$ResourceWithMetadata
com.google.tagmanager.proto.Resource$ResourceWithMetadata$1
com.google.tagmanager.proto.Resource$ResourceWithMetadata$Builder
com.google.tagmanager.proto.Resource$ResourceWithMetadataOrBuilder
com.google.tagmanager.protobuf.AbstractMessageLite
com.google.tagmanager.protobuf.AbstractMessageLite$Builder
com.google.tagmanager.protobuf.AbstractMessageLite$Builder$LimitedInputStream
com.google.tagmanager.protobuf.AbstractMutableMessageLite
com.google.tagmanager.protobuf.AbstractMutableMessageLite$1
com.google.tagmanager.protobuf.AbstractParser
com.google.tagmanager.protobuf.BoundedByteString
com.google.tagmanager.protobuf.BoundedByteString$1
com.google.tagmanager.protobuf.BoundedByteString$BoundedByteIterator
com.google.tagmanager.protobuf.ByteString
com.google.tagmanager.protobuf.ByteString$1
com.google.tagmanager.protobuf.ByteString$ByteIterator
com.google.tagmanager.protobuf.ByteString$CodedBuilder
com.google.tagmanager.protobuf.ByteString$Output
com.google.tagmanager.protobuf.CodedInputStream
com.google.tagmanager.protobuf.CodedInputStream$1
com.google.tagmanager.protobuf.CodedInputStream$RefillCallback
com.google.tagmanager.protobuf.CodedInputStream$SkippedDataSink
com.google.tagmanager.protobuf.CodedOutputStream
com.google.tagmanager.protobuf.CodedOutputStream$ByteBufferOutputStream
com.google.tagmanager.protobuf.CodedOutputStream$OutOfSpaceException
com.google.tagmanager.protobuf.ExtensionRegistryLite
com.google.tagmanager.protobuf.ExtensionRegistryLite$ObjectIntPair
com.google.tagmanager.protobuf.FieldSet
com.google.tagmanager.protobuf.FieldSet$1
com.google.tagmanager.protobuf.FieldSet$FieldDescriptorLite
com.google.tagmanager.protobuf.GeneratedMessageLite
com.google.tagmanager.protobuf.GeneratedMessageLite$1
com.google.tagmanager.protobuf.GeneratedMessageLite$Builder
com.google.tagmanager.protobuf.GeneratedMessageLite$ExtendableBuilder
com.google.tagmanager.protobuf.GeneratedMessageLite$ExtendableMessage
com.google.tagmanager.protobuf.GeneratedMessageLite$ExtendableMessage$ExtensionWriter
com.google.tagmanager.protobuf.GeneratedMessageLite$ExtendableMessageOrBuilder
com.google.tagmanager.protobuf.GeneratedMessageLite$ExtensionDescriptor
com.google.tagmanager.protobuf.GeneratedMessageLite$GeneratedExtension
com.google.tagmanager.protobuf.GeneratedMessageLite$SerializedForm
com.google.tagmanager.protobuf.GeneratedMutableMessageLite
com.google.tagmanager.protobuf.GeneratedMutableMessageLite$1
com.google.tagmanager.protobuf.GeneratedMutableMessageLite$ExtendableMutableMessage
com.google.tagmanager.protobuf.GeneratedMutableMessageLite$ExtendableMutableMessage$ExtensionWriter
com.google.tagmanager.protobuf.GeneratedMutableMessageLite$SerializedForm
com.google.tagmanager.protobuf.Internal
com.google.tagmanager.protobuf.Internal$EnumLite
com.google.tagmanager.protobuf.Internal$EnumLiteMap
com.google.tagmanager.protobuf.InvalidProtocolBufferException
com.google.tagmanager.protobuf.LazyField
com.google.tagmanager.protobuf.LazyField$1
com.google.tagmanager.protobuf.LazyField$LazyEntry
com.google.tagmanager.protobuf.LazyField$LazyIterator
com.google.tagmanager.protobuf.LazyStringArrayList
com.google.tagmanager.protobuf.LazyStringArrayList$ByteArrayListView
com.google.tagmanager.protobuf.LazyStringList
com.google.tagmanager.protobuf.LiteralByteString
com.google.tagmanager.protobuf.LiteralByteString$1
com.google.tagmanager.protobuf.LiteralByteString$LiteralByteIterator